<?xml version="1.0" encoding="UTF-8" ?>
<testsuite failures="0" time="3.136" errors="0" skipped="0" tests="3" name="uk.ac.ebi.pride.tools.ms2_parser.Ms2FileTest">
  <properties>
[...]
</properties>
  <testcase time="0.517" classname="uk.ac.ebi.pride.tools.ms2_parser.Ms2FileTest" name="testMs2File"/>
  <testcase time="0.407" classname="uk.ac.ebi.pride.tools.ms2_parser.Ms2FileTest" name="testGetSpectrum"/>
  <testcase time="2.202" classname="uk.ac.ebi.pride.tools.ms2_parser.Ms2FileTest" name="testGetSpectrumIterator"/>
</testsuite>