<?xml version="1.0" encoding="UTF-8" ?>
<testsuite failures="0" time="0.288" errors="0" skipped="0" tests="7" name="uk.ac.ebi.pride.tools.apl_parser.TestAplFile">
  <properties>
[...]
</properties>
  <testcase time="0.078" classname="uk.ac.ebi.pride.tools.apl_parser.TestAplFile" name="testGetFormat"/>
  <testcase time="0.028" classname="uk.ac.ebi.pride.tools.apl_parser.TestAplFile" name="testSetPeakLists"/>
  <testcase time="0.125" classname="uk.ac.ebi.pride.tools.apl_parser.TestAplFile" name="testAplFile"/>
  <testcase time="0.005" classname="uk.ac.ebi.pride.tools.apl_parser.TestAplFile" name="testGetPeakListCount"/>
  <testcase time="0.005" classname="uk.ac.ebi.pride.tools.apl_parser.TestAplFile" name="testGetPeakList"/>
  <testcase time="0.017" classname="uk.ac.ebi.pride.tools.apl_parser.TestAplFile" name="testGetPeakListIterator"/>
  <testcase time="0.009" classname="uk.ac.ebi.pride.tools.apl_parser.TestAplFile" name="testGetIndex"/>
</testsuite>