<?xml version="1.0" encoding="UTF-8" ?>
<testsuite failures="0" time="0.404" errors="0" skipped="0" tests="68" name="uk.ac.ebi.pride.tools.mgf_parser.TestMgfFile">
  <properties>
[...]
</properties>
  <testcase time="0.025" classname="uk.ac.ebi.pride.tools.mgf_parser.TestMgfFile" name="testGetCharge"/>
  <testcase time="0.023" classname="uk.ac.ebi.pride.tools.mgf_parser.TestMgfFile" name="testSetCharge"/>
  <testcase time="0.006" classname="uk.ac.ebi.pride.tools.mgf_parser.TestMgfFile" name="testGetEnzyme"/>
  <testcase time="0.008" classname="uk.ac.ebi.pride.tools.mgf_parser.TestMgfFile" name="testSetEnzyme"/>
  <testcase time="0.007" classname="uk.ac.ebi.pride.tools.mgf_parser.TestMgfFile" name="testGetAccessions"/>
  <testcase time="0.004" classname="uk.ac.ebi.pride.tools.mgf_parser.TestMgfFile" name="testSetAccessions"/>
  <testcase time="0.011" classname="uk.ac.ebi.pride.tools.mgf_parser.TestMgfFile" name="testGetIndex"/>
  <testcase time="0.006" classname="uk.ac.ebi.pride.tools.mgf_parser.TestMgfFile" name="testGetInstrument"/>
  <testcase time="0.011" classname="uk.ac.ebi.pride.tools.mgf_parser.TestMgfFile" name="testSetInstrument"/>
  <testcase time="0.007" classname="uk.ac.ebi.pride.tools.mgf_parser.TestMgfFile" name="testGetVariableModifications"/>
  <testcase time="0.006" classname="uk.ac.ebi.pride.tools.mgf_parser.TestMgfFile" name="testSetVariableModifications"/>
  <testcase time="0.005" classname="uk.ac.ebi.pride.tools.mgf_parser.TestMgfFile" name="testGetFragmentIonTolerance"/>
  <testcase time="0.008" classname="uk.ac.ebi.pride.tools.mgf_parser.TestMgfFile" name="testSetFragmentIonTolerance"/>
  <testcase time="0.006" classname="uk.ac.ebi.pride.tools.mgf_parser.TestMgfFile" name="testGetFragmentIonToleranceUnit"/>
  <testcase time="0.004" classname="uk.ac.ebi.pride.tools.mgf_parser.TestMgfFile" name="testSetFragmentIonToleranceUnit"/>
  <testcase time="0.005" classname="uk.ac.ebi.pride.tools.mgf_parser.TestMgfFile" name="testGetMassType"/>
  <testcase time="0.007" classname="uk.ac.ebi.pride.tools.mgf_parser.TestMgfFile" name="testSetMassType"/>
  <testcase time="0.005" classname="uk.ac.ebi.pride.tools.mgf_parser.TestMgfFile" name="testGetFixedMofications"/>
  <testcase time="0.005" classname="uk.ac.ebi.pride.tools.mgf_parser.TestMgfFile" name="testSetFixedMofications"/>
  <testcase time="0.003" classname="uk.ac.ebi.pride.tools.mgf_parser.TestMgfFile" name="testGetPeptideIsotopeError"/>
  <testcase time="0.004" classname="uk.ac.ebi.pride.tools.mgf_parser.TestMgfFile" name="testSetPeptideIsotopeError"/>
  <testcase time="0.003" classname="uk.ac.ebi.pride.tools.mgf_parser.TestMgfFile" name="testGetPartials"/>
  <testcase time="0.005" classname="uk.ac.ebi.pride.tools.mgf_parser.TestMgfFile" name="testSetPartials"/>
  <testcase time="0.005" classname="uk.ac.ebi.pride.tools.mgf_parser.TestMgfFile" name="testGetPrecursor"/>
  <testcase time="0.01" classname="uk.ac.ebi.pride.tools.mgf_parser.TestMgfFile" name="testSetPrecursor"/>
  <testcase time="0.003" classname="uk.ac.ebi.pride.tools.mgf_parser.TestMgfFile" name="testGetQuantitation"/>
  <testcase time="0.005" classname="uk.ac.ebi.pride.tools.mgf_parser.TestMgfFile" name="testSetQuantitation"/>
  <testcase time="0.003" classname="uk.ac.ebi.pride.tools.mgf_parser.TestMgfFile" name="testGetMaxHitsToReport"/>
  <testcase time="0.006" classname="uk.ac.ebi.pride.tools.mgf_parser.TestMgfFile" name="testSetMaxHitsToReport"/>
  <testcase time="0.003" classname="uk.ac.ebi.pride.tools.mgf_parser.TestMgfFile" name="testGetReportType"/>
  <testcase time="0.006" classname="uk.ac.ebi.pride.tools.mgf_parser.TestMgfFile" name="testSetReportType"/>
  <testcase time="0.002" classname="uk.ac.ebi.pride.tools.mgf_parser.TestMgfFile" name="testGetSearchType"/>
  <testcase time="0.007" classname="uk.ac.ebi.pride.tools.mgf_parser.TestMgfFile" name="testSetSearchType"/>
  <testcase time="0.003" classname="uk.ac.ebi.pride.tools.mgf_parser.TestMgfFile" name="testGetProteinMass"/>
  <testcase time="0.005" classname="uk.ac.ebi.pride.tools.mgf_parser.TestMgfFile" name="testSetProteinMass"/>
  <testcase time="0.002" classname="uk.ac.ebi.pride.tools.mgf_parser.TestMgfFile" name="testGetDatabase"/>
  <testcase time="0.003" classname="uk.ac.ebi.pride.tools.mgf_parser.TestMgfFile" name="testSetDatabase"/>
  <testcase time="0.002" classname="uk.ac.ebi.pride.tools.mgf_parser.TestMgfFile" name="testGetPerformDecoySearch"/>
  <testcase time="0.003" classname="uk.ac.ebi.pride.tools.mgf_parser.TestMgfFile" name="testSetPerformDecoySearch"/>
  <testcase time="0.001" classname="uk.ac.ebi.pride.tools.mgf_parser.TestMgfFile" name="testGetIsErrorTolerant"/>
  <testcase time="0.004" classname="uk.ac.ebi.pride.tools.mgf_parser.TestMgfFile" name="testSetIsErrorTolerant"/>
  <testcase time="0.002" classname="uk.ac.ebi.pride.tools.mgf_parser.TestMgfFile" name="testGetFormat"/>
  <testcase time="0.004" classname="uk.ac.ebi.pride.tools.mgf_parser.TestMgfFile" name="testSetFormat"/>
  <testcase time="0.002" classname="uk.ac.ebi.pride.tools.mgf_parser.TestMgfFile" name="testGetFrames"/>
  <testcase time="0.004" classname="uk.ac.ebi.pride.tools.mgf_parser.TestMgfFile" name="testSetFrames"/>
  <testcase time="0.002" classname="uk.ac.ebi.pride.tools.mgf_parser.TestMgfFile" name="testGetSearchTitle"/>
  <testcase time="0.004" classname="uk.ac.ebi.pride.tools.mgf_parser.TestMgfFile" name="testSetSearchTitle"/>
  <testcase time="0.002" classname="uk.ac.ebi.pride.tools.mgf_parser.TestMgfFile" name="testGetPrecursorRemoval"/>
  <testcase time="0.007" classname="uk.ac.ebi.pride.tools.mgf_parser.TestMgfFile" name="testSetPrecursorRemoval"/>
  <testcase time="0.002" classname="uk.ac.ebi.pride.tools.mgf_parser.TestMgfFile" name="testGetTaxonomy"/>
  <testcase time="0.003" classname="uk.ac.ebi.pride.tools.mgf_parser.TestMgfFile" name="testSetTaxonomy"/>
  <testcase time="0.002" classname="uk.ac.ebi.pride.tools.mgf_parser.TestMgfFile" name="testGetPeptideMassTolerance"/>
  <testcase time="0.003" classname="uk.ac.ebi.pride.tools.mgf_parser.TestMgfFile" name="testSetPeptideMassTolerance"/>
  <testcase time="0.001" classname="uk.ac.ebi.pride.tools.mgf_parser.TestMgfFile" name="testGetPeptideMassToleranceUnit"/>
  <testcase time="0.004" classname="uk.ac.ebi.pride.tools.mgf_parser.TestMgfFile" name="testSetPeptideMassToleranceUnit"/>
  <testcase time="0.002" classname="uk.ac.ebi.pride.tools.mgf_parser.TestMgfFile" name="testGetUserParameter"/>
  <testcase time="0.004" classname="uk.ac.ebi.pride.tools.mgf_parser.TestMgfFile" name="testSetUserParameter"/>
  <testcase time="0.002" classname="uk.ac.ebi.pride.tools.mgf_parser.TestMgfFile" name="testGetUserMail"/>
  <testcase time="0.003" classname="uk.ac.ebi.pride.tools.mgf_parser.TestMgfFile" name="testSetUserMail"/>
  <testcase time="0.002" classname="uk.ac.ebi.pride.tools.mgf_parser.TestMgfFile" name="testGetUserName"/>
  <testcase time="0.004" classname="uk.ac.ebi.pride.tools.mgf_parser.TestMgfFile" name="testSetUserName"/>
  <testcase time="0.002" classname="uk.ac.ebi.pride.tools.mgf_parser.TestMgfFile" name="testGetPmfQueries"/>
  <testcase time="0.003" classname="uk.ac.ebi.pride.tools.mgf_parser.TestMgfFile" name="testSetPmfQueries"/>
  <testcase time="0.024" classname="uk.ac.ebi.pride.tools.mgf_parser.TestMgfFile" name="testSetMs2Queries"/>
  <testcase time="0.002" classname="uk.ac.ebi.pride.tools.mgf_parser.TestMgfFile" name="testGetMs2QueryCount"/>
  <testcase time="0.002" classname="uk.ac.ebi.pride.tools.mgf_parser.TestMgfFile" name="testGetMs2Query"/>
  <testcase time="0.009" classname="uk.ac.ebi.pride.tools.mgf_parser.TestMgfFile" name="testGetMs2QueryIterator"/>
  <testcase time="0.037" classname="uk.ac.ebi.pride.tools.mgf_parser.TestMgfFile" name="testMgfFile"/>
</testsuite>